<?xml version="1.0" encoding="UTF-8" ?>
<testsuite tests="0" failures="0" name="com.brolaun.brolaun.AppTest" time="0" errors="0" skipped="0">
  <properties>
    <property name="PROCESSOR_ARCHITECTURE" value="AMD64"/>
    <property name="LOGONSERVER" value="\\ITENDRA"/>
    <property name="ProgramData" value="C:\ProgramData"/>
    <property name="java.home" value="C:\Program Files\Java\jdk-11.0.12"/>
    <property name="NODE_NAME" value="master"/>
    <property name="JENKINS_URL" value="http://localhost:8081/"/>
    <property name="ALLUSERSPROFILE" value="C:\ProgramData"/>
    <property name="PSModulePath" value="C:\WINDOWS\system32\WindowsPowerShell\v1.0\Modules\;C:\Program Files (x86)\Microsoft SQL Server\150\Tools\PowerShell\Modules\"/>
    <property name="=::" value="::\"/>
    <property name="USERDOMAIN" value="ITENDRA"/>
    <property name="sun.os.patch.level" value=""/>
    <property name="java.vendor.url" value="https://openjdk.java.net/"/>
    <property name="CommonProgramFiles(x86)" value="C:\Program Files (x86)\Common Files"/>
    <property name="java.version" value="11.0.12"/>
    <property name="JOB_NAME" value="pppp"/>
    <property name="=F:" value="F:\QA Practise\brolaun"/>
    <property name="COMPUTERNAME" value="ITENDRA"/>
    <property name="ANDROID_HOME" value="C:\Users\Itendra Jung Rawal\AppData\Local\Android\Sdk"/>
    <property name="java.vendor.url.bug" value="https://bugreport.java.com/bugreport/"/>
    <property name="PUBLIC" value="C:\Users\Public"/>
    <property name="java.version.date" value="2021-07-20"/>
    <property name="UOIPME_REG_PATH" value="C:\Program Files\Intel Corporation\USB over IP"/>
    <property name="jdk.debug" value="release"/>
    <property name="user.name" value="Itendra Rawal"/>
    <property name="sun.io.unicode.encoding" value="UnicodeLittle"/>
    <property name="sun.jnu.encoding" value="Cp1252"/>
    <property name="java.runtime.name" value="Java(TM) SE Runtime Environment"/>
    <property name="windir" value="C:\WINDOWS"/>
    <property name="PROCESSOR_IDENTIFIER" value="Intel64 Family 6 Model 61 Stepping 4, GenuineIntel"/>
    <property name="IntelliJ IDEA Community Edition" value="F:\Program Files\JetBrains\IntelliJ IDEA Community Edition 2019.2.3\bin;"/>
    <property name="java.specification.name" value="Java Platform API Specification"/>
    <property name="LOCALAPPDATA" value="C:\Users\Itendra Jung Rawal\AppData\Local"/>
    <property name="RUN_CHANGES_DISPLAY_URL" value="http://localhost:8081/job/pppp/7/display/redirect?page=changes"/>
    <property name="user.timezone" value="America/Chicago"/>
    <property name="user.script" value=""/>
    <property name="path.separator" value=";"/>
    <property name="NUMBER_OF_PROCESSORS" value="4"/>
    <property name="BUILD_TAG" value="jenkins-pppp-7"/>
    <property name="file.encoding" value="Cp1252"/>
    <property name="sun.java.command" value="jenkins.maven3.agent.Maven35Main F:\QA Java Project\apache maven\apache-maven-3.6.3 C:\Users\Itendra Jung Rawal\.jenkins\war\WEB-INF\lib\remoting-4.13.jar C:\Users\Itendra Jung Rawal\.jenkins\plugins\maven-plugin\WEB-INF\lib\maven35-interceptor-1.13.jar C:\Users\Itendra Jung Rawal\.jenkins\plugins\maven-plugin\WEB-INF\lib\maven3-interceptor-commons-1.13.jar 61510"/>
    <property name="HUDSON_URL" value="http://localhost:8081/"/>
    <property name="JENKINS_SERVER_COOKIE" value="818be9b6b9f61f5d"/>
    <property name="EXECUTOR_NUMBER" value="0"/>
    <property name="Path" value="C:\Program Files\Common Files\Oracle\Java\javapath;C:\Program Files (x86)\Common Files\Oracle\Java\javapath;F:\oraclexe\app\oracle\product\10.2.0\server\bin;c:\mingw\bin;C:\Program Files (x86)\Intel\iCLS Client\;C:\Program Files\Intel\iCLS Client\;C:\WINDOWS\system32;C:\WINDOWS;C:\WINDOWS\System32\Wbem;C:\WINDOWS\System32\WindowsPowerShell\v1.0\;C:\Program Files\Intel\Intel(R) Management Engine Components\DAL;C:\Program Files (x86)\Intel\Intel(R) Management Engine Components\DAL;C:\Program Files\Intel\Intel(R) Management Engine Components\IPT;C:\Program Files (x86)\Intel\Intel(R) Management Engine Components\IPT;C:\Program Files (x86)\Skype\Phone\;C:\WINDOWS\System32\OpenSSH\;D:\Program Files (x86)\File Viewer Lite\lib\magick;C:\Program Files\Intel\WiFi\bin\;C:\Program Files\Common Files\Intel\WirelessCommon\;C:\Program Files (x86)\Windows Live\Shared;F:\Maven\apache-maven-3.6.3-bin\apache-maven-3.6.3\bin;C:\Program Files\Git\cmd;D:\Program Files\Java\jdk-11.0.4\bin;F:\QA Java Project\apache-maven-3.6.3-bin\bin;F:\QA Java Project\apache maven\apache-maven-3.6.3\bin;C:\Program Files\nodejs\;C:\Users\Itendra Jung Rawal\AppData\Local\Android\Sdk\tools\bin;C:\Users\Itendra Jung Rawal\AppData\Local\Android\Sdk\tools;C:\Users\Itendra Jung Rawal\AppData\Local\Android\Sdk\platform-tools;C:\Program Files (x86)\Microsoft SQL Server\150\DTS\Binn\;C:\Program Files\Azure Data Studio\bin;C:\Program Files\Microsoft SQL Server\Client SDK\ODBC\170\Tools\Binn\;C:\Program Files (x86)\Microsoft SQL Server\150\Tools\Binn\;C:\Program Files\Microsoft SQL Server\150\Tools\Binn\;C:\Program Files\Microsoft SQL Server\150\DTS\Binn\;C:\Users\Itendra Jung Rawal\AppData\Local\Programs\Python\Python39\Scripts\;C:\Users\Itendra Jung Rawal\AppData\Local\Programs\Python\Python39\;C:\Program Files\MySQL\MySQL Shell 8.0\bin\;C:\Users\Itendra Jung Rawal\AppData\Local\Microsoft\WindowsApps;F:\Program Files\JetBrains\IntelliJ IDEA Community Edition 2019.2.3\bin;C:\Users\Itendra Jung Rawal\AppData\Local\Programs\Microsoft VS Code\bin;C:\Users\Itendra Jung Rawal\AppData\Roaming\npm;C:\Program Files\JetBrains\PyCharm Community Edition 2021.1\bin"/>
    <property name="GIT_COMMIT" value="7d2326a5b793625365ead89ac5ce669fb0890055"/>
    <property name="java.io.tmpdir" value="C:\Users\ITENDR~1\AppData\Local\Temp\"/>
    <property name="APPDATA" value="C:\Users\Itendra Jung Rawal\AppData\Roaming"/>
    <property name="user.language" value="en"/>
    <property name="line.separator" value="
"/>
    <property name="BUILD_URL" value="http://localhost:8081/job/pppp/7/"/>
    <property name="M2_HOME" value="F:\QA Java Project\apache maven\apache-maven-3.6.3"/>
    <property name="java.vm.info" value="mixed mode"/>
    <property name="DriverData" value="C:\Windows\System32\Drivers\DriverData"/>
    <property name="sun.desktop" value="windows"/>
    <property name="java.vm.specification.name" value="Java Virtual Machine Specification"/>
    <property name="CI" value="true"/>
    <property name="BUILD_DISPLAY_NAME" value="#7"/>
    <property name="OS" value="Windows_NT"/>
    <property name="guice.disable.misplaced.annotation.check" value="true"/>
    <property name="HUDSON_SERVER_COOKIE" value="818be9b6b9f61f5d"/>
    <property name="WORKSPACE_TMP" value="C:\Users\Itendra Jung Rawal\.jenkins\workspace\pppp@tmp"/>
    <property name="MAVEN_HOME" value="F:\QA Java Project\apache maven\apache-maven-3.6.3"/>
    <property name="PATHEXT" value=".COM;.EXE;.BAT;.CMD;.VBS;.VBE;.JS;.JSE;.WSF;.WSH;.MSC"/>
    <property name="java.awt.printerjob" value="sun.awt.windows.WPrinterJob"/>
    <property name="maven3.interceptor.common" value="C:\Users\Itendra Jung Rawal\.jenkins\plugins\maven-plugin\WEB-INF\lib\maven3-interceptor-commons-1.13.jar"/>
    <property name="CLASSPATH" value=""/>
    <property name="PyCharm Community Edition" value="C:\Program Files\JetBrains\PyCharm Community Edition 2021.1\bin;"/>
    <property name="HOMEPATH" value="\Users\Itendra Jung Rawal"/>
    <property name="os.name" value="Windows 10"/>
    <property name="java.specification.vendor" value="Oracle Corporation"/>
    <property name="FP_NO_HOST_CHECK" value="NO"/>
    <property name="BUILD_NUMBER" value="7"/>
    <property name="java.vm.name" value="Java HotSpot(TM) 64-Bit Server VM"/>
    <property name="maven3.interceptor" value="C:\Users\Itendra Jung Rawal\.jenkins\plugins\maven-plugin\WEB-INF\lib\maven35-interceptor-1.13.jar"/>
    <property name="java.library.path" value="C:\Program Files\Java\jdk-11.0.12\bin;C:\WINDOWS\Sun\Java\bin;C:\WINDOWS\system32;C:\WINDOWS;F:\QA Java Project\apache maven\apache-maven-3.6.3/bin;C:\Program Files\Common Files\Oracle\Java\javapath;C:\Program Files (x86)\Common Files\Oracle\Java\javapath;F:\oraclexe\app\oracle\product\10.2.0\server\bin;c:\mingw\bin;C:\Program Files (x86)\Intel\iCLS Client\;C:\Program Files\Intel\iCLS Client\;C:\WINDOWS\system32;C:\WINDOWS;C:\WINDOWS\System32\Wbem;C:\WINDOWS\System32\WindowsPowerShell\v1.0\;C:\Program Files\Intel\Intel(R) Management Engine Components\DAL;C:\Program Files (x86)\Intel\Intel(R) Management Engine Components\DAL;C:\Program Files\Intel\Intel(R) Management Engine Components\IPT;C:\Program Files (x86)\Intel\Intel(R) Management Engine Components\IPT;C:\Program Files (x86)\Skype\Phone\;C:\WINDOWS\System32\OpenSSH\;D:\Program Files (x86)\File Viewer Lite\lib\magick;C:\Program Files\Intel\WiFi\bin\;C:\Program Files\Common Files\Intel\WirelessCommon\;C:\Program Files (x86)\Windows Live\Shared;F:\Maven\apache-maven-3.6.3-bin\apache-maven-3.6.3\bin;C:\Program Files\Git\cmd;D:\Program Files\Java\jdk-11.0.4\bin;F:\QA Java Project\apache-maven-3.6.3-bin\bin;F:\QA Java Project\apache maven\apache-maven-3.6.3\bin;C:\Program Files\nodejs\;C:\Users\Itendra Jung Rawal\AppData\Local\Android\Sdk\tools\bin;C:\Users\Itendra Jung Rawal\AppData\Local\Android\Sdk\tools;C:\Users\Itendra Jung Rawal\AppData\Local\Android\Sdk\platform-tools;C:\Program Files (x86)\Microsoft SQL Server\150\DTS\Binn\;C:\Program Files\Azure Data Studio\bin;C:\Program Files\Microsoft SQL Server\Client SDK\ODBC\170\Tools\Binn\;C:\Program Files (x86)\Microsoft SQL Server\150\Tools\Binn\;C:\Program Files\Microsoft SQL Server\150\Tools\Binn\;C:\Program Files\Microsoft SQL Server\150\DTS\Binn\;C:\Users\Itendra Jung Rawal\AppData\Local\Programs\Python\Python39\Scripts\;C:\Users\Itendra Jung Rawal\AppData\Local\Programs\Python\Python39\;C:\Program Files\MySQL\MySQL Shell 8.0\bin\;C:\Users\Itendra Jung Rawal\AppData\Local\Microsoft\WindowsApps;F:\Program Files\JetBrains\IntelliJ IDEA Community Edition 2019.2.3\bin;C:\Users\Itendra Jung Rawal\AppData\Local\Programs\Microsoft VS Code\bin;C:\Users\Itendra Jung Rawal\AppData\Roaming\npm;C:\Program Files\JetBrains\PyCharm Community Edition 2021.1\bin;."/>
    <property name="HOMEDRIVE" value="C:"/>
    <property name="POM_GROUPID" value="com.brolaun"/>
    <property name="POM_ARTIFACTID" value="brolaun"/>
    <property name="java.class.version" value="55.0"/>
    <property name="JOB_URL" value="http://localhost:8081/job/pppp/"/>
    <property name="GIT_PREVIOUS_COMMIT" value="7d2326a5b793625365ead89ac5ce669fb0890055"/>
    <property name="OneDrive" value="C:\Users\Itendra Jung Rawal\OneDrive"/>
    <property name="GIT_BRANCH" value="origin/master"/>
    <property name="RUN_DISPLAY_URL" value="http://localhost:8081/job/pppp/7/display/redirect"/>
    <property name="VBOX_MSI_INSTALL_PATH" value="D:\Oracle VM\"/>
    <property name="JENKINS_HOME" value="C:\Users\Itendra Jung Rawal\.jenkins"/>
    <property name="BUILD_ID" value="7"/>
    <property name="TEMP" value="C:\Users\ITENDR~1\AppData\Local\Temp"/>
    <property name="sun.boot.library.path" value="C:\Program Files\Java\jdk-11.0.12\bin"/>
    <property name="sun.management.compiler" value="HotSpot 64-Bit Tiered Compilers"/>
    <property name="java.awt.graphicsenv" value="sun.awt.Win32GraphicsEnvironment"/>
    <property name="user.variant" value=""/>
    <property name="PROCESSOR_REVISION" value="3d04"/>
    <property name="POM_VERSION" value="0.0.1-SNAPSHOT"/>
    <property name="HUDSON_HOME" value="C:\Users\Itendra Jung Rawal\.jenkins"/>
    <property name="ProgramFiles(x86)" value="C:\Program Files (x86)"/>
    <property name="PATH+MAVEN" value="F:\QA Java Project\apache maven\apache-maven-3.6.3/bin"/>
    <property name="USERDOMAIN_ROAMINGPROFILE" value="ITENDRA"/>
    <property name="RUN_ARTIFACTS_DISPLAY_URL" value="http://localhost:8081/job/pppp/7/display/redirect?page=artifacts"/>
    <property name="PROMPT" value="$P$G"/>
    <property name="java.vm.specification.version" value="11"/>
    <property name="JAVA_HOME" value="C:\Program Files\Java\jdk-11.0.12"/>
    <property name="awt.toolkit" value="sun.awt.windows.WToolkit"/>
    <property name="NODE_LABELS" value="master"/>
    <property name="sun.cpu.isalist" value="amd64"/>
    <property name="USERPROFILE" value="C:\Users\Itendra Jung Rawal"/>
    <property name="java.vm.compressedOopsMode" value="32-bit"/>
    <property name="JOB_DISPLAY_URL" value="http://localhost:8081/job/pppp/display/redirect"/>
    <property name="os.version" value="10.0"/>
    <property name="user.home" value="C:\Users\Itendra Jung Rawal"/>
    <property name="USERNAME" value="Itendra Rawal"/>
    <property name="java.vm.vendor" value="Oracle Corporation"/>
    <property name="PROCESSOR_LEVEL" value="6"/>
    <property name="MAGICK_FILTER_MODULE_PATH" value="D:\Program Files (x86)\File Viewer Lite\lib\magick\modules\filters"/>
    <property name="CommonProgramW6432" value="C:\Program Files\Common Files"/>
    <property name="user.dir" value="F:\QA Practise\brolaun"/>
    <property name="maven.conf" value="F:\QA Java Project\apache maven\apache-maven-3.6.3\conf"/>
    <property name="ProgramW6432" value="C:\Program Files"/>
    <property name="TMP" value="C:\Users\ITENDR~1\AppData\Local\Temp"/>
    <property name="MAVEN" value="F:\QA Java Project\apache maven\apache-maven-3.6.3"/>
    <property name="sun.cpu.endian" value="little"/>
    <property name="SystemDrive" value="C:"/>
    <property name="java.vm.version" value="11.0.12+8-LTS-237"/>
    <property name="java.class.path" value="C:\Users\Itendra Jung Rawal\.jenkins\plugins\maven-plugin\WEB-INF\lib\maven35-agent-1.13.jar;F:\QA Java Project\apache maven\apache-maven-3.6.3\boot\plexus-classworlds-2.6.0.jar;F:\QA Java Project\apache maven\apache-maven-3.6.3/conf/logging"/>
    <property name="org.slf4j.simpleLogger.defaultLogLevel" value="info"/>
    <property name="os.arch" value="amd64"/>
    <property name="WORKSPACE" value="C:\Users\Itendra Jung Rawal\.jenkins\workspace\pppp"/>
    <property name="ComSpec" value="C:\WINDOWS\system32\cmd.exe"/>
    <property name="RUN_TESTS_DISPLAY_URL" value="http://localhost:8081/job/pppp/7/display/redirect?page=tests"/>
    <property name="sun.java.launcher" value="SUN_STANDARD"/>
    <property name="SystemRoot" value="C:\WINDOWS"/>
    <property name="CommonProgramFiles" value="C:\Program Files\Common Files"/>
    <property name="java.vm.specification.vendor" value="Oracle Corporation"/>
    <property name="MAGICK_CODER_MODULE_PATH" value="D:\Program Files (x86)\File Viewer Lite\lib\magick\modules\coders"/>
    <property name="file.separator" value="\"/>
    <property name="java.runtime.version" value="11.0.12+8-LTS-237"/>
    <property name="ProgramFiles" value="C:\Program Files"/>
    <property name="user.country" value="GB"/>
    <property name="POM_PACKAGING" value="jar"/>
    <property name="maven.home" value="F:\QA Java Project\apache maven\apache-maven-3.6.3"/>
    <property name="JOB_BASE_NAME" value="pppp"/>
    <property name="java.vendor.version" value="18.9"/>
    <property name="java.vendor" value="Oracle Corporation"/>
    <property name="java.specification.version" value="11"/>
    <property name="POM_DISPLAYNAME" value="brolaun"/>
    <property name="GIT_URL" value="https://github.com/itendrarawal/poppo.git"/>
    <property name="sun.arch.data.model" value="64"/>
  </properties>
</testsuite>